<?xml version="1.0" encoding="UTF-8"?>
<!-- Generated by org.testng.reporters.JUnitReportReporter -->
<testsuite skipped="0" hostname="ws-cpcalderon" name="appiumTest.exampleWebviewTest" tests="1" failures="0" timestamp="20 jun 2018 11:34:52 GMT" time="10.789" errors="0">
  <testcase name="loginSuccessfulTest" time="10.789" classname="appiumTest.exampleWebviewTest"/>
</testsuite> <!-- appiumTest.exampleWebviewTest -->
