<?xml version="1.0" encoding="UTF-8"?>
<!-- Generated by org.testng.reporters.JUnitReportReporter -->
<testsuite skipped="0" hostname="ws-cpcalderon" name="exampleAppTest" tests="1" failures="0" timestamp="18 jun 2018 10:16:54 GMT" time="11.232" errors="0">
  <testcase name="exampleAppTesting" time="11.232" classname="exampleAppTest"/>
</testsuite> <!-- exampleAppTest -->
