<?xml version="1.0" encoding="UTF-8"?>
<!-- Generated by org.testng.reporters.JUnitReportReporter -->
<testsuite skipped="0" hostname="ws-cpcalderon" name="exampleWebAppTest" tests="1" failures="0" timestamp="18 jun 2018 14:01:34 GMT" time="14.146" errors="0">
  <testcase name="exampleWebAppTesting" time="14.146" classname="exampleWebAppTest"/>
</testsuite> <!-- exampleWebAppTest -->
