<?xml version="1.0" encoding="UTF-8"?>
<!-- Generated by org.testng.reporters.JUnitReportReporter -->
<testsuite skipped="0" hostname="ws-cpcalderon" name="appiumTest.exampleAppTest" tests="1" failures="0" timestamp="20 jun 2018 11:34:52 GMT" time="12.484" errors="0">
  <testcase name="exampleAppTesting" time="12.484" classname="appiumTest.exampleAppTest"/>
</testsuite> <!-- appiumTest.exampleAppTest -->
