<?xml version="1.0" encoding="UTF-8"?>
<!-- Generated by org.testng.reporters.JUnitReportReporter -->
<testsuite skipped="0" hostname="ws-cpcalderon" name="exampleWebviewTest" tests="1" failures="0" timestamp="20 jun 2018 08:52:15 GMT" time="10.239" errors="0">
  <testcase name="loginSuccessfulTest" time="10.239" classname="exampleWebviewTest"/>
</testsuite> <!-- exampleWebviewTest -->
