<?xml version="1.0" encoding="UTF-8"?>
<!-- Generated by org.testng.reporters.JUnitReportReporter -->
<testsuite skipped="0" hostname="ws-cpcalderon" name="exampleAppTest" tests="1" failures="0" timestamp="20 jun 2018 06:21:06 GMT" time="0.255" errors="0">
  <testcase name="exampleWebviewTesting" time="0.255" classname="exampleAppTest"/>
</testsuite> <!-- exampleAppTest -->
